{
  "stats": {
    "suites": 1,
    "tests": 1,
    "passes": 1,
    "pending": 0,
    "failures": 0,
    "start": "2025-05-18T09:33:04.092Z",
    "end": "2025-05-18T09:33:08.349Z",
    "duration": 4257,
    "testsRegistered": 1,
    "passPercent": 100,
    "pendingPercent": 0,
    "other": 0,
    "hasOther": false,
    "skipped": 0,
    "hasSkipped": false
  },
  "results": [
    {
      "uuid": "1c0d394c-0890-46e6-9ece-d165dce4484b",
      "title": "",
      "fullFile": "cypress/e2e/tests/addToCart.cy.js",
      "file": "cypress/e2e/tests/addToCart.cy.js",
      "beforeHooks": [],
      "afterHooks": [],
      "tests": [],
      "suites": [
        {
          "uuid": "f82df64e-cd87-4cd5-90ef-0d7d919d6216",
          "title": " test automation",
          "fullFile": "",
          "file": "",
          "beforeHooks": [],
          "afterHooks": [],
          "tests": [
            {
              "title": "Add To Cart flow",
              "fullTitle": " test automation Add To Cart flow",
              "timedOut": null,
              "duration": 4209,
              "state": "passed",
              "speed": "fast",
              "pass": true,
              "fail": false,
              "pending": false,
              "context": null,
              "code": "homePageObj.searchProduct(_testData.default.product.productName);\nhomePageObj.addToCart();\nhomePageObj.verifySucessMessage().should('contain', _testData.default.message.successMessage).and('contain', _testData.default.product.productName);",
              "err": {},
              "uuid": "f7baa94a-56b6-4e99-9e98-118c0fdee293",
              "parentUUID": "f82df64e-cd87-4cd5-90ef-0d7d919d6216",
              "isHook": false,
              "skipped": false
            }
          ],
          "suites": [],
          "passes": [
            "f7baa94a-56b6-4e99-9e98-118c0fdee293"
          ],
          "failures": [],
          "pending": [],
          "skipped": [],
          "duration": 4209,
          "root": false,
          "rootEmpty": false,
          "_timeout": 2000
        }
      ],
      "passes": [],
      "failures": [],
      "pending": [],
      "skipped": [],
      "duration": 0,
      "root": true,
      "rootEmpty": true,
      "_timeout": 2000
    }
  ],
  "meta": {
    "mocha": {
      "version": "7.2.0"
    },
    "mochawesome": {
      "options": {
        "quiet": false,
        "reportFilename": "mochawesome",
        "saveHtml": false,
        "saveJson": true,
        "consoleReporter": "spec",
        "useInlineDiffs": false,
        "code": true
      },
      "version": "7.1.3"
    },
    "marge": {
      "options": {
        "overwrite": false,
        "html": false,
        "json": true,
        "reportDir": "cypress/reports/html/.jsons"
      },
      "version": "6.2.0"
    }
  }
}